#! /c/Source/iverilog-install/bin/vvp
:ivl_version "12.0 (devel)" "(s20150603-1539-g2693dd32b)";
:ivl_delay_selection "TYPICAL";
:vpi_time_precision + 0;
:vpi_module "C:\iverilog\lib\ivl\system.vpi";
:vpi_module "C:\iverilog\lib\ivl\vhdl_sys.vpi";
:vpi_module "C:\iverilog\lib\ivl\vhdl_textio.vpi";
:vpi_module "C:\iverilog\lib\ivl\v2005_math.vpi";
:vpi_module "C:\iverilog\lib\ivl\va_math.vpi";
S_0000025f834b2940 .scope module, "cuMux" "cuMux" 2 1;
 .timescale 0 0;
    .port_info 0 /INPUT 1 "s";
    .port_info 1 /INPUT 1 "rf_en_in";
    .port_info 2 /INPUT 4 "alu_op_in";
    .port_info 3 /INPUT 1 "Load_in";
    .port_info 4 /INPUT 1 "branch_link_in";
    .port_info 5 /INPUT 1 "s_bit_in";
    .port_info 6 /INPUT 1 "rw_in";
    .port_info 7 /INPUT 1 "size_in";
    .port_info 8 /INPUT 1 "datamem_en_in";
    .port_info 9 /OUTPUT 1 "rf_en_out";
    .port_info 10 /OUTPUT 4 "alu_op_out";
    .port_info 11 /OUTPUT 1 "Load_out";
    .port_info 12 /OUTPUT 1 "branch_link_out";
    .port_info 13 /OUTPUT 1 "s_bit_out";
    .port_info 14 /OUTPUT 1 "rw_out";
    .port_info 15 /OUTPUT 1 "size_out";
    .port_info 16 /OUTPUT 1 "datamem_en_out";
o0000025f834eaf58 .functor BUFZ 1, C4<z>; HiZ drive
v0000025f834b2e90_0 .net "Load_in", 0 0, o0000025f834eaf58;  0 drivers
v0000025f834b2ad0_0 .var "Load_out", 0 0;
o0000025f834eafb8 .functor BUFZ 4, C4<zzzz>; HiZ drive
v0000025f834b2b70_0 .net "alu_op_in", 3 0, o0000025f834eafb8;  0 drivers
v0000025f834b2c10_0 .var "alu_op_out", 3 0;
o0000025f834eb018 .functor BUFZ 1, C4<z>; HiZ drive
v0000025f8349bce0_0 .net "branch_link_in", 0 0, o0000025f834eb018;  0 drivers
v0000025f8349bd80_0 .var "branch_link_out", 0 0;
o0000025f834eb078 .functor BUFZ 1, C4<z>; HiZ drive
v0000025f8349be20_0 .net "datamem_en_in", 0 0, o0000025f834eb078;  0 drivers
v0000025f834e38a0_0 .var "datamem_en_out", 0 0;
o0000025f834eb0d8 .functor BUFZ 1, C4<z>; HiZ drive
v0000025f834e3940_0 .net "rf_en_in", 0 0, o0000025f834eb0d8;  0 drivers
v0000025f834e39e0_0 .var "rf_en_out", 0 0;
o0000025f834eb138 .functor BUFZ 1, C4<z>; HiZ drive
v0000025f834e3a80_0 .net "rw_in", 0 0, o0000025f834eb138;  0 drivers
v0000025f834e3b20_0 .var "rw_out", 0 0;
o0000025f834eb198 .functor BUFZ 1, C4<z>; HiZ drive
v0000025f834e3bc0_0 .net "s", 0 0, o0000025f834eb198;  0 drivers
o0000025f834eb1c8 .functor BUFZ 1, C4<z>; HiZ drive
v0000025f834e3c60_0 .net "s_bit_in", 0 0, o0000025f834eb1c8;  0 drivers
v0000025f834e3d00_0 .var "s_bit_out", 0 0;
o0000025f834eb228 .functor BUFZ 1, C4<z>; HiZ drive
v0000025f834e3da0_0 .net "size_in", 0 0, o0000025f834eb228;  0 drivers
v0000025f835343e0_0 .var "size_out", 0 0;
E_0000025f83498a20/0 .event anyedge, v0000025f834e3bc0_0, v0000025f834e3940_0, v0000025f834b2b70_0, v0000025f834b2e90_0;
E_0000025f83498a20/1 .event anyedge, v0000025f8349bce0_0, v0000025f834e3c60_0, v0000025f834e3a80_0, v0000025f834e3da0_0;
E_0000025f83498a20/2 .event anyedge, v0000025f8349be20_0;
E_0000025f83498a20 .event/or E_0000025f83498a20/0, E_0000025f83498a20/1, E_0000025f83498a20/2;
    .scope S_0000025f834b2940;
T_0 ;
    %wait E_0000025f83498a20;
    %load/vec4 v0000025f834e3bc0_0;
    %cmpi/e 0, 0, 1;
    %jmp/0xz  T_0.0, 4;
    %load/vec4 v0000025f834e3940_0;
    %assign/vec4 v0000025f834e39e0_0, 0;
    %load/vec4 v0000025f834b2b70_0;
    %assign/vec4 v0000025f834b2c10_0, 0;
    %load/vec4 v0000025f834b2e90_0;
    %assign/vec4 v0000025f834b2ad0_0, 0;
    %load/vec4 v0000025f8349bce0_0;
    %assign/vec4 v0000025f8349bd80_0, 0;
    %load/vec4 v0000025f834e3c60_0;
    %assign/vec4 v0000025f834e3d00_0, 0;
    %load/vec4 v0000025f834e3a80_0;
    %assign/vec4 v0000025f834e3b20_0, 0;
    %load/vec4 v0000025f834e3da0_0;
    %assign/vec4 v0000025f835343e0_0, 0;
    %load/vec4 v0000025f8349be20_0;
    %assign/vec4 v0000025f834e38a0_0, 0;
    %jmp T_0.1;
T_0.0 ;
    %pushi/vec4 0, 0, 1;
    %assign/vec4 v0000025f834e39e0_0, 0;
    %pushi/vec4 0, 0, 4;
    %assign/vec4 v0000025f834b2c10_0, 0;
    %pushi/vec4 0, 0, 1;
    %assign/vec4 v0000025f834b2ad0_0, 0;
    %pushi/vec4 0, 0, 1;
    %assign/vec4 v0000025f8349bd80_0, 0;
    %pushi/vec4 0, 0, 1;
    %assign/vec4 v0000025f834e3d00_0, 0;
    %pushi/vec4 0, 0, 1;
    %assign/vec4 v0000025f834e3b20_0, 0;
    %pushi/vec4 0, 0, 1;
    %assign/vec4 v0000025f835343e0_0, 0;
    %pushi/vec4 0, 0, 1;
    %assign/vec4 v0000025f834e38a0_0, 0;
T_0.1 ;
    %jmp T_0;
    .thread T_0, $push;
# The file index is used to find the file name in the following table.
:file_names 3;
    "N/A";
    "<interactive>";
    "cuMux.v";
