#! /c/Source/iverilog-install/bin/vvp
:ivl_version "12.0 (devel)" "(s20150603-1539-g2693dd32b)";
:ivl_delay_selection "TYPICAL";
:vpi_time_precision + 0;
:vpi_module "C:\iverilog\lib\ivl\system.vpi";
:vpi_module "C:\iverilog\lib\ivl\vhdl_sys.vpi";
:vpi_module "C:\iverilog\lib\ivl\vhdl_textio.vpi";
:vpi_module "C:\iverilog\lib\ivl\v2005_math.vpi";
:vpi_module "C:\iverilog\lib\ivl\va_math.vpi";
S_000002a4bbbb2670 .scope module, "PPU" "PPU" 2 8;
 .timescale 0 0;
v000002a4bbc12020_0 .var "Address", 8 0;
v000002a4bbc119e0_0 .var "LE", 0 0;
v000002a4bbc11b20_0 .net "Load_cu_out", 0 0, v000002a4bbbb5710_0;  1 drivers
v000002a4bbc12ca0_0 .net "Load_out_cumux", 0 0, v000002a4bbc0f7f0_0;  1 drivers
v000002a4bbc12520_0 .net "Load_out_exemem", 0 0, v000002a4bbbb5670_0;  1 drivers
v000002a4bbc12700_0 .net "Load_out_idexe", 0 0, v000002a4bbc10ab0_0;  1 drivers
v000002a4bbc128e0_0 .net "PC_In", 31 0, v000002a4bbc11440_0;  1 drivers
v000002a4bbc113a0_0 .net "PC_Out", 31 0, v000002a4bbc111c0_0;  1 drivers
v000002a4bbc12980_0 .net "alu_op_cu_out", 3 0, v000002a4bbbb5030_0;  1 drivers
v000002a4bbc127a0_0 .net "alu_op_out_cumux", 3 0, v000002a4bbc0f930_0;  1 drivers
v000002a4bbc12e80_0 .net "alu_op_out_idexe", 3 0, v000002a4bbc10c90_0;  1 drivers
v000002a4bbc122a0_0 .net "am_cu_out", 1 0, v000002a4bbbb4c70_0;  1 drivers
v000002a4bbc12de0_0 .net "am_out_cumux", 1 0, v000002a4bbc0f610_0;  1 drivers
v000002a4bbc11f80_0 .net "am_out_idexe", 1 0, v000002a4bbc10650_0;  1 drivers
v000002a4bbc120c0_0 .net "branch_link_cu_out", 0 0, v000002a4bbbb52b0_0;  1 drivers
v000002a4bbc114e0_0 .net "branch_link_out_cumux", 0 0, v000002a4bbc10dd0_0;  1 drivers
v000002a4bbc12340_0 .var "clk", 0 0;
v000002a4bbc12ac0_0 .var/i "code", 31 0;
v000002a4bbc12b60_0 .net "cu_in", 31 0, v000002a4bbc0fe30_0;  1 drivers
v000002a4bbc12160_0 .var "data", 7 0;
v000002a4bbc12c00_0 .net "datamem_en_cu_out", 0 0, v000002a4bbbb4db0_0;  1 drivers
v000002a4bbc12200_0 .net "datamem_en_out_cumux", 0 0, v000002a4bbc10330_0;  1 drivers
v000002a4bbc125c0_0 .net "datamem_en_out_exemem", 0 0, v000002a4bbbb4b30_0;  1 drivers
v000002a4bbc11580_0 .net "datamem_en_out_idexe", 0 0, v000002a4bbc10830_0;  1 drivers
v000002a4bbc12660_0 .var/i "fi", 31 0;
v000002a4bbc11a80_0 .net "insMem_Out", 31 0, v000002a4bbc11800_0;  1 drivers
v000002a4bbc11620_0 .net "rf_en_cu_out", 0 0, v000002a4bbbb4f90_0;  1 drivers
v000002a4bbc11080_0 .net "rf_en_out_cumux", 0 0, v000002a4bbc0f9d0_0;  1 drivers
v000002a4bbc11260_0 .net "rf_en_out_exemem", 0 0, v000002a4bbbb4ef0_0;  1 drivers
v000002a4bbc11c60_0 .net "rf_en_out_idexe", 0 0, v000002a4bbc10150_0;  1 drivers
v000002a4bbc12d40_0 .net "rf_en_out_memwb", 0 0, v000002a4bbc101f0_0;  1 drivers
v000002a4bbc11d00_0 .var "rst", 0 0;
v000002a4bbc11300_0 .net "rw_cu_out", 0 0, v000002a4bbbb5170_0;  1 drivers
v000002a4bbc11ee0_0 .net "rw_out_cumux", 0 0, v000002a4bbc108d0_0;  1 drivers
v000002a4bbc116c0_0 .net "rw_out_exemem", 0 0, v000002a4bbbb49f0_0;  1 drivers
v000002a4bbc11760_0 .net "rw_out_idexe", 0 0, v000002a4bbc10e70_0;  1 drivers
v000002a4bbc11bc0_0 .var "s", 0 0;
v000002a4bbc118a0_0 .net "s_bit_cu_out", 0 0, v000002a4bbbb4a90_0;  1 drivers
v000002a4bbc11e40_0 .net "s_bit_out_cumux", 0 0, v000002a4bbc0fb10_0;  1 drivers
v000002a4bbc105b0_0 .net "s_bit_out_idexe", 0 0, v000002a4bbc10470_0;  1 drivers
v000002a4bbc15cc0_0 .net "size_cu_out", 0 0, v000002a4bbbb5210_0;  1 drivers
v000002a4bbc157c0_0 .net "size_out_cumux", 0 0, v000002a4bbc0fc50_0;  1 drivers
v000002a4bbc14be0_0 .net "size_out_exemem", 0 0, v000002a4bbc0f2f0_0;  1 drivers
v000002a4bbc14aa0_0 .net "size_out_idexe", 0 0, v000002a4bbc0f110_0;  1 drivers
L_000002a4bbc14820 .part v000002a4bbc111c0_0, 0, 8;
S_000002a4bbbb3e80 .scope module, "CU" "control_unit" 2 92, 3 1 0, S_000002a4bbbb2670;
 .timescale 0 0;
    .port_info 0 /INPUT 32 "instruction";
    .port_info 1 /OUTPUT 1 "rf_en";
    .port_info 2 /OUTPUT 4 "alu_op";
    .port_info 3 /OUTPUT 1 "Load";
    .port_info 4 /OUTPUT 1 "branch_link";
    .port_info 5 /OUTPUT 1 "s_bit";
    .port_info 6 /OUTPUT 1 "rw";
    .port_info 7 /OUTPUT 1 "size";
    .port_info 8 /OUTPUT 1 "datamem_en";
    .port_info 9 /OUTPUT 2 "AM";
P_000002a4bbb801a0 .param/l "OP_ADD" 0 3 14, C4<0000>;
P_000002a4bbb801d8 .param/l "OP_ADD_CIN" 0 3 15, C4<0001>;
P_000002a4bbb80210 .param/l "OP_AND" 0 3 20, C4<0110>;
P_000002a4bbb80248 .param/l "OP_A_AND_NOT_B" 0 3 26, C4<1100>;
P_000002a4bbb80280 .param/l "OP_A_SUB_B" 0 3 16, C4<0010>;
P_000002a4bbb802b8 .param/l "OP_A_SUB_B_CIN" 0 3 17, C4<0011>;
P_000002a4bbb802f0 .param/l "OP_A_TRANSFER" 0 3 23, C4<1001>;
P_000002a4bbb80328 .param/l "OP_B_SUB_A" 0 3 18, C4<0100>;
P_000002a4bbb80360 .param/l "OP_B_SUB_A_CIN" 0 3 19, C4<0101>;
P_000002a4bbb80398 .param/l "OP_B_TRANSFER" 0 3 24, C4<1010>;
P_000002a4bbb803d0 .param/l "OP_NOT_B" 0 3 25, C4<1011>;
P_000002a4bbb80408 .param/l "OP_OR" 0 3 21, C4<0111>;
P_000002a4bbb80440 .param/l "OP_XOR" 0 3 22, C4<1000>;
P_000002a4bbb80478 .param/l "PASS_RM" 0 3 29, C4<01>;
P_000002a4bbb804b0 .param/l "ROTATE_RIGHT" 0 3 28, C4<00>;
P_000002a4bbb804e8 .param/l "SHIFT_RM" 0 3 31, C4<11>;
P_000002a4bbb80520 .param/l "ZERO_EXTEND" 0 3 30, C4<10>;
v000002a4bbbb4c70_0 .var "AM", 1 0;
v000002a4bbbb53f0_0 .net "I", 0 0, L_000002a4bbc14c80;  1 drivers
v000002a4bbbb5710_0 .var "Load", 0 0;
v000002a4bbbb5490_0 .net "S", 0 0, L_000002a4bbc143c0;  1 drivers
v000002a4bbbb5030_0 .var "alu_op", 3 0;
v000002a4bbbb55d0_0 .net "bit4", 0 0, L_000002a4bbc14320;  1 drivers
v000002a4bbbb52b0_0 .var "branch_link", 0 0;
v000002a4bbbb4d10_0 .net "category", 2 0, L_000002a4bbc140a0;  1 drivers
v000002a4bbbb4db0_0 .var "datamem_en", 0 0;
v000002a4bbbb5350_0 .net "instruction", 31 0, v000002a4bbc0fe30_0;  alias, 1 drivers
v000002a4bbbb50d0_0 .net "opcode", 3 0, L_000002a4bbc15040;  1 drivers
v000002a4bbbb4f90_0 .var "rf_en", 0 0;
v000002a4bbbb5170_0 .var "rw", 0 0;
v000002a4bbbb4a90_0 .var "s_bit", 0 0;
v000002a4bbbb5210_0 .var "size", 0 0;
E_000002a4bbb60c90/0 .event anyedge, v000002a4bbbb4d10_0, v000002a4bbbb5490_0, v000002a4bbbb53f0_0, v000002a4bbbb55d0_0;
E_000002a4bbb60c90/1 .event anyedge, v000002a4bbbb50d0_0, v000002a4bbbb5350_0;
E_000002a4bbb60c90 .event/or E_000002a4bbb60c90/0, E_000002a4bbb60c90/1;
L_000002a4bbc140a0 .part v000002a4bbc0fe30_0, 25, 3;
L_000002a4bbc15040 .part v000002a4bbc0fe30_0, 21, 4;
L_000002a4bbc14c80 .part v000002a4bbc0fe30_0, 25, 1;
L_000002a4bbc143c0 .part v000002a4bbc0fe30_0, 20, 1;
L_000002a4bbc14320 .part v000002a4bbc0fe30_0, 4, 1;
S_000002a4bbb8c300 .scope module, "EXE_MEM" "exe_mem_reg" 2 171, 4 53 0, S_000002a4bbbb2670;
 .timescale 0 0;
    .port_info 0 /INPUT 1 "clk";
    .port_info 1 /INPUT 1 "reset";
    .port_info 2 /INPUT 1 "rf_en";
    .port_info 3 /INPUT 1 "datamem_en";
    .port_info 4 /INPUT 1 "readwrite";
    .port_info 5 /INPUT 1 "size";
    .port_info 6 /INPUT 1 "load_instruction";
    .port_info 7 /OUTPUT 1 "rf_en_out";
    .port_info 8 /OUTPUT 1 "datamem_en_out";
    .port_info 9 /OUTPUT 1 "readwrite_out";
    .port_info 10 /OUTPUT 1 "size_out";
    .port_info 11 /OUTPUT 1 "load_instruction_out";
v000002a4bbbb48b0_0 .net "clk", 0 0, v000002a4bbc12340_0;  1 drivers
v000002a4bbbb5530_0 .net "datamem_en", 0 0, v000002a4bbc10830_0;  alias, 1 drivers
v000002a4bbbb4b30_0 .var "datamem_en_out", 0 0;
v000002a4bbbb57b0_0 .net "load_instruction", 0 0, v000002a4bbc10ab0_0;  alias, 1 drivers
v000002a4bbbb5670_0 .var "load_instruction_out", 0 0;
v000002a4bbbb4950_0 .net "readwrite", 0 0, v000002a4bbc10e70_0;  alias, 1 drivers
v000002a4bbbb49f0_0 .var "readwrite_out", 0 0;
v000002a4bbbb4bd0_0 .net "reset", 0 0, v000002a4bbc11d00_0;  1 drivers
v000002a4bbbb4e50_0 .net "rf_en", 0 0, v000002a4bbc10150_0;  alias, 1 drivers
v000002a4bbbb4ef0_0 .var "rf_en_out", 0 0;
v000002a4bbc103d0_0 .net "size", 0 0, v000002a4bbc0f110_0;  alias, 1 drivers
v000002a4bbc0f2f0_0 .var "size_out", 0 0;
E_000002a4bbb616d0 .event posedge, v000002a4bbbb48b0_0;
S_000002a4bbb8c490 .scope module, "ID_EXE" "id_exe_reg" 2 146, 4 19 0, S_000002a4bbbb2670;
 .timescale 0 0;
    .port_info 0 /INPUT 1 "clk";
    .port_info 1 /INPUT 1 "reset";
    .port_info 2 /INPUT 2 "am";
    .port_info 3 /INPUT 4 "alu_op";
    .port_info 4 /INPUT 1 "rf_en";
    .port_info 5 /INPUT 1 "s";
    .port_info 6 /INPUT 1 "datamem_en";
    .port_info 7 /INPUT 1 "readwrite";
    .port_info 8 /INPUT 1 "size";
    .port_info 9 /INPUT 1 "load_instruction";
    .port_info 10 /OUTPUT 2 "am_out";
    .port_info 11 /OUTPUT 4 "alu_op_out";
    .port_info 12 /OUTPUT 1 "rf_en_out";
    .port_info 13 /OUTPUT 1 "s_out";
    .port_info 14 /OUTPUT 1 "datamem_en_out";
    .port_info 15 /OUTPUT 1 "readwrite_out";
    .port_info 16 /OUTPUT 1 "size_out";
    .port_info 17 /OUTPUT 1 "load_instruction_out";
v000002a4bbc106f0_0 .net "alu_op", 3 0, v000002a4bbc0f930_0;  alias, 1 drivers
v000002a4bbc10c90_0 .var "alu_op_out", 3 0;
v000002a4bbc0fed0_0 .net "am", 1 0, v000002a4bbc0f610_0;  alias, 1 drivers
v000002a4bbc10650_0 .var "am_out", 1 0;
v000002a4bbc10790_0 .net "clk", 0 0, v000002a4bbc12340_0;  alias, 1 drivers
v000002a4bbc10d30_0 .net "datamem_en", 0 0, v000002a4bbc10330_0;  alias, 1 drivers
v000002a4bbc10830_0 .var "datamem_en_out", 0 0;
v000002a4bbc0fd90_0 .net "load_instruction", 0 0, v000002a4bbc0f7f0_0;  alias, 1 drivers
v000002a4bbc10ab0_0 .var "load_instruction_out", 0 0;
v000002a4bbc0f070_0 .net "readwrite", 0 0, v000002a4bbc108d0_0;  alias, 1 drivers
v000002a4bbc10e70_0 .var "readwrite_out", 0 0;
v000002a4bbc0f1b0_0 .net "reset", 0 0, v000002a4bbc11d00_0;  alias, 1 drivers
v000002a4bbc10510_0 .net "rf_en", 0 0, v000002a4bbc0f9d0_0;  alias, 1 drivers
v000002a4bbc10150_0 .var "rf_en_out", 0 0;
v000002a4bbc0f430_0 .net "s", 0 0, v000002a4bbc0fb10_0;  alias, 1 drivers
v000002a4bbc10470_0 .var "s_out", 0 0;
v000002a4bbc10f10_0 .net "size", 0 0, v000002a4bbc0fc50_0;  alias, 1 drivers
v000002a4bbc0f110_0 .var "size_out", 0 0;
S_000002a4bbb81fd0 .scope module, "IF_ID" "if_id_reg" 2 134, 4 1 0, S_000002a4bbbb2670;
 .timescale 0 0;
    .port_info 0 /INPUT 1 "clk";
    .port_info 1 /INPUT 1 "load_enable";
    .port_info 2 /INPUT 1 "reset";
    .port_info 3 /INPUT 32 "instruction";
    .port_info 4 /OUTPUT 32 "cu_in";
v000002a4bbc0f250_0 .net "clk", 0 0, v000002a4bbc12340_0;  alias, 1 drivers
v000002a4bbc0fe30_0 .var "cu_in", 31 0;
v000002a4bbc0f390_0 .net "instruction", 31 0, v000002a4bbc111c0_0;  alias, 1 drivers
v000002a4bbc0fcf0_0 .net "load_enable", 0 0, v000002a4bbc119e0_0;  1 drivers
v000002a4bbc0f4d0_0 .net "reset", 0 0, v000002a4bbc11d00_0;  alias, 1 drivers
S_000002a4bbb82160 .scope module, "MEM_WB" "mem_wb_reg" 2 190, 4 77 0, S_000002a4bbbb2670;
 .timescale 0 0;
    .port_info 0 /INPUT 1 "clk";
    .port_info 1 /INPUT 1 "reset";
    .port_info 2 /INPUT 1 "rf_en";
    .port_info 3 /OUTPUT 1 "rf_en_out";
v000002a4bbc0f6b0_0 .net "clk", 0 0, v000002a4bbc12340_0;  alias, 1 drivers
v000002a4bbc0ff70_0 .net "reset", 0 0, v000002a4bbc11d00_0;  alias, 1 drivers
v000002a4bbc10010_0 .net "rf_en", 0 0, v000002a4bbbb4ef0_0;  alias, 1 drivers
v000002a4bbc101f0_0 .var "rf_en_out", 0 0;
S_000002a4bbb833d0 .scope module, "Mux" "cuMux" 2 108, 5 1 0, S_000002a4bbbb2670;
 .timescale 0 0;
    .port_info 0 /INPUT 1 "s";
    .port_info 1 /INPUT 2 "am_in";
    .port_info 2 /INPUT 1 "rf_en_in";
    .port_info 3 /INPUT 4 "alu_op_in";
    .port_info 4 /INPUT 1 "Load_in";
    .port_info 5 /INPUT 1 "branch_link_in";
    .port_info 6 /INPUT 1 "s_bit_in";
    .port_info 7 /INPUT 1 "rw_in";
    .port_info 8 /INPUT 1 "size_in";
    .port_info 9 /INPUT 1 "datamem_en_in";
    .port_info 10 /OUTPUT 2 "am_out";
    .port_info 11 /OUTPUT 1 "rf_en_out";
    .port_info 12 /OUTPUT 4 "alu_op_out";
    .port_info 13 /OUTPUT 1 "Load_out";
    .port_info 14 /OUTPUT 1 "branch_link_out";
    .port_info 15 /OUTPUT 1 "s_bit_out";
    .port_info 16 /OUTPUT 1 "rw_out";
    .port_info 17 /OUTPUT 1 "size_out";
    .port_info 18 /OUTPUT 1 "datamem_en_out";
v000002a4bbc100b0_0 .net "Load_in", 0 0, v000002a4bbbb5710_0;  alias, 1 drivers
v000002a4bbc0f7f0_0 .var "Load_out", 0 0;
v000002a4bbc0f750_0 .net "alu_op_in", 3 0, v000002a4bbbb5030_0;  alias, 1 drivers
v000002a4bbc0f930_0 .var "alu_op_out", 3 0;
v000002a4bbc10bf0_0 .net "am_in", 1 0, v000002a4bbbb4c70_0;  alias, 1 drivers
v000002a4bbc0f610_0 .var "am_out", 1 0;
v000002a4bbc10290_0 .net "branch_link_in", 0 0, v000002a4bbbb52b0_0;  alias, 1 drivers
v000002a4bbc10dd0_0 .var "branch_link_out", 0 0;
v000002a4bbc0f570_0 .net "datamem_en_in", 0 0, v000002a4bbbb4db0_0;  alias, 1 drivers
v000002a4bbc10330_0 .var "datamem_en_out", 0 0;
v000002a4bbc0f890_0 .net "rf_en_in", 0 0, v000002a4bbbb4f90_0;  alias, 1 drivers
v000002a4bbc0f9d0_0 .var "rf_en_out", 0 0;
v000002a4bbc10a10_0 .net "rw_in", 0 0, v000002a4bbbb5170_0;  alias, 1 drivers
v000002a4bbc108d0_0 .var "rw_out", 0 0;
v000002a4bbc10970_0 .net "s", 0 0, v000002a4bbc11bc0_0;  1 drivers
v000002a4bbc0fa70_0 .net "s_bit_in", 0 0, v000002a4bbbb4a90_0;  alias, 1 drivers
v000002a4bbc0fb10_0 .var "s_bit_out", 0 0;
v000002a4bbc0fbb0_0 .net "size_in", 0 0, v000002a4bbbb5210_0;  alias, 1 drivers
v000002a4bbc0fc50_0 .var "size_out", 0 0;
E_000002a4bbb60cd0/0 .event anyedge, v000002a4bbc10970_0, v000002a4bbbb4c70_0, v000002a4bbbb4f90_0, v000002a4bbbb5030_0;
E_000002a4bbb60cd0/1 .event anyedge, v000002a4bbbb5710_0, v000002a4bbbb52b0_0, v000002a4bbbb4a90_0, v000002a4bbbb5170_0;
E_000002a4bbb60cd0/2 .event anyedge, v000002a4bbbb5210_0, v000002a4bbbb4db0_0;
E_000002a4bbb60cd0 .event/or E_000002a4bbb60cd0/0, E_000002a4bbb60cd0/1, E_000002a4bbb60cd0/2;
S_000002a4bbb88650 .scope module, "PCReg" "PC" 2 74, 6 1 0, S_000002a4bbbb2670;
 .timescale 0 0;
    .port_info 0 /OUTPUT 32 "PC_Out";
    .port_info 1 /INPUT 32 "PC_In";
    .port_info 2 /INPUT 1 "E";
    .port_info 3 /INPUT 1 "Reset";
    .port_info 4 /INPUT 1 "clk";
v000002a4bbc11120_0 .net "E", 0 0, v000002a4bbc119e0_0;  alias, 1 drivers
v000002a4bbc12480_0 .net "PC_In", 31 0, v000002a4bbc11440_0;  alias, 1 drivers
v000002a4bbc111c0_0 .var "PC_Out", 31 0;
v000002a4bbc12840_0 .net "Reset", 0 0, v000002a4bbc11d00_0;  alias, 1 drivers
v000002a4bbc12a20_0 .net "clk", 0 0, v000002a4bbc12340_0;  alias, 1 drivers
S_000002a4bbb887e0 .scope module, "add" "adder" 2 82, 7 1 0, S_000002a4bbbb2670;
 .timescale 0 0;
    .port_info 0 /OUTPUT 32 "Adder_OUT";
    .port_info 1 /INPUT 32 "Adder_IN";
v000002a4bbc12f20_0 .net "Adder_IN", 31 0, v000002a4bbc111c0_0;  alias, 1 drivers
v000002a4bbc11440_0 .var "Adder_OUT", 31 0;
E_000002a4bbb612d0 .event anyedge, v000002a4bbc0f390_0;
S_000002a4bbb725d0 .scope module, "insMem" "rom" 2 87, 8 1 0, S_000002a4bbbb2670;
 .timescale 0 0;
    .port_info 0 /OUTPUT 32 "I";
    .port_info 1 /INPUT 8 "A";
v000002a4bbc123e0_0 .net "A", 7 0, L_000002a4bbc14820;  1 drivers
v000002a4bbc11800_0 .var "I", 31 0;
v000002a4bbc11940 .array "Mem", 255 0, 7 0;
E_000002a4bbb60dd0 .event anyedge, v000002a4bbc123e0_0;
    .scope S_000002a4bbb88650;
T_0 ;
    %wait E_000002a4bbb616d0;
    %load/vec4 v000002a4bbc12840_0;
    %flag_set/vec4 8;
    %jmp/0xz  T_0.0, 8;
    %pushi/vec4 0, 0, 32;
    %assign/vec4 v000002a4bbc111c0_0, 0;
    %jmp T_0.1;
T_0.0 ;
    %load/vec4 v000002a4bbc11120_0;
    %flag_set/vec4 8;
    %jmp/0xz  T_0.2, 8;
    %load/vec4 v000002a4bbc12480_0;
    %assign/vec4 v000002a4bbc111c0_0, 0;
T_0.2 ;
T_0.1 ;
    %jmp T_0;
    .thread T_0;
    .scope S_000002a4bbb887e0;
T_1 ;
    %wait E_000002a4bbb612d0;
    %load/vec4 v000002a4bbc12f20_0;
    %addi 4, 0, 32;
    %store/vec4 v000002a4bbc11440_0, 0, 32;
    %jmp T_1;
    .thread T_1, $push;
    .scope S_000002a4bbb725d0;
T_2 ;
    %wait E_000002a4bbb60dd0;
    %load/vec4 v000002a4bbc123e0_0;
    %pad/u 10;
    %ix/vec4 4;
    %load/vec4a v000002a4bbc11940, 4;
    %load/vec4 v000002a4bbc123e0_0;
    %pad/u 32;
    %addi 1, 0, 32;
    %ix/vec4 4;
    %load/vec4a v000002a4bbc11940, 4;
    %concat/vec4; draw_concat_vec4
    %load/vec4 v000002a4bbc123e0_0;
    %pad/u 32;
    %addi 2, 0, 32;
    %ix/vec4 4;
    %load/vec4a v000002a4bbc11940, 4;
    %concat/vec4; draw_concat_vec4
    %load/vec4 v000002a4bbc123e0_0;
    %pad/u 32;
    %addi 3, 0, 32;
    %ix/vec4 4;
    %load/vec4a v000002a4bbc11940, 4;
    %concat/vec4; draw_concat_vec4
    %store/vec4 v000002a4bbc11800_0, 0, 32;
    %jmp T_2;
    .thread T_2, $push;
    .scope S_000002a4bbbb3e80;
T_3 ;
    %wait E_000002a4bbb60c90;
    %pushi/vec4 0, 0, 1;
    %store/vec4 v000002a4bbbb4f90_0, 0, 1;
    %pushi/vec4 0, 0, 4;
    %store/vec4 v000002a4bbbb5030_0, 0, 4;
    %pushi/vec4 0, 0, 1;
    %store/vec4 v000002a4bbbb5710_0, 0, 1;
    %pushi/vec4 0, 0, 1;
    %store/vec4 v000002a4bbbb52b0_0, 0, 1;
    %pushi/vec4 0, 0, 1;
    %store/vec4 v000002a4bbbb4a90_0, 0, 1;
    %pushi/vec4 0, 0, 1;
    %store/vec4 v000002a4bbbb5170_0, 0, 1;
    %pushi/vec4 0, 0, 1;
    %store/vec4 v000002a4bbbb5210_0, 0, 1;
    %pushi/vec4 0, 0, 1;
    %store/vec4 v000002a4bbbb4db0_0, 0, 1;
    %pushi/vec4 0, 0, 2;
    %store/vec4 v000002a4bbbb4c70_0, 0, 2;
    %load/vec4 v000002a4bbbb4d10_0;
    %dup/vec4;
    %pushi/vec4 0, 1, 3;
    %cmp/z;
    %jmp/1 T_3.0, 4;
    %dup/vec4;
    %pushi/vec4 2, 1, 3;
    %cmp/z;
    %jmp/1 T_3.1, 4;
    %dup/vec4;
    %pushi/vec4 5, 0, 3;
    %cmp/z;
    %jmp/1 T_3.2, 4;
    %jmp T_3.4;
T_3.0 ;
    %pushi/vec4 1, 0, 1;
    %store/vec4 v000002a4bbbb4f90_0, 0, 1;
    %load/vec4 v000002a4bbbb5490_0;
    %store/vec4 v000002a4bbbb4a90_0, 0, 1;
    %load/vec4 v000002a4bbbb53f0_0;
    %flag_set/vec4 8;
    %jmp/0xz  T_3.5, 8;
    %pushi/vec4 0, 0, 2;
    %store/vec4 v000002a4bbbb4c70_0, 0, 2;
    %jmp T_3.6;
T_3.5 ;
    %load/vec4 v000002a4bbbb55d0_0;
    %pad/u 32;
    %cmpi/e 0, 0, 32;
    %jmp/0xz  T_3.7, 4;
    %pushi/vec4 3, 0, 2;
    %store/vec4 v000002a4bbbb4c70_0, 0, 2;
T_3.7 ;
T_3.6 ;
    %load/vec4 v000002a4bbbb50d0_0;
    %dup/vec4;
    %pushi/vec4 0, 0, 4;
    %cmp/u;
    %jmp/1 T_3.9, 6;
    %dup/vec4;
    %pushi/vec4 1, 0, 4;
    %cmp/u;
    %jmp/1 T_3.10, 6;
    %dup/vec4;
    %pushi/vec4 2, 0, 4;
    %cmp/u;
    %jmp/1 T_3.11, 6;
    %dup/vec4;
    %pushi/vec4 3, 0, 4;
    %cmp/u;
    %jmp/1 T_3.12, 6;
    %dup/vec4;
    %pushi/vec4 4, 0, 4;
    %cmp/u;
    %jmp/1 T_3.13, 6;
    %dup/vec4;
    %pushi/vec4 5, 0, 4;
    %cmp/u;
    %jmp/1 T_3.14, 6;
    %dup/vec4;
    %pushi/vec4 6, 0, 4;
    %cmp/u;
    %jmp/1 T_3.15, 6;
    %dup/vec4;
    %pushi/vec4 7, 0, 4;
    %cmp/u;
    %jmp/1 T_3.16, 6;
    %dup/vec4;
    %pushi/vec4 8, 0, 4;
    %cmp/u;
    %jmp/1 T_3.17, 6;
    %dup/vec4;
    %pushi/vec4 9, 0, 4;
    %cmp/u;
    %jmp/1 T_3.18, 6;
    %dup/vec4;
    %pushi/vec4 10, 0, 4;
    %cmp/u;
    %jmp/1 T_3.19, 6;
    %dup/vec4;
    %pushi/vec4 11, 0, 4;
    %cmp/u;
    %jmp/1 T_3.20, 6;
    %dup/vec4;
    %pushi/vec4 12, 0, 4;
    %cmp/u;
    %jmp/1 T_3.21, 6;
    %pushi/vec4 0, 0, 4;
    %store/vec4 v000002a4bbbb5030_0, 0, 4;
    %jmp T_3.23;
T_3.9 ;
    %pushi/vec4 0, 0, 4;
    %store/vec4 v000002a4bbbb5030_0, 0, 4;
    %jmp T_3.23;
T_3.10 ;
    %pushi/vec4 1, 0, 4;
    %store/vec4 v000002a4bbbb5030_0, 0, 4;
    %jmp T_3.23;
T_3.11 ;
    %pushi/vec4 2, 0, 4;
    %store/vec4 v000002a4bbbb5030_0, 0, 4;
    %jmp T_3.23;
T_3.12 ;
    %pushi/vec4 3, 0, 4;
    %store/vec4 v000002a4bbbb5030_0, 0, 4;
    %jmp T_3.23;
T_3.13 ;
    %pushi/vec4 4, 0, 4;
    %store/vec4 v000002a4bbbb5030_0, 0, 4;
    %jmp T_3.23;
T_3.14 ;
    %pushi/vec4 5, 0, 4;
    %store/vec4 v000002a4bbbb5030_0, 0, 4;
    %jmp T_3.23;
T_3.15 ;
    %pushi/vec4 6, 0, 4;
    %store/vec4 v000002a4bbbb5030_0, 0, 4;
    %jmp T_3.23;
T_3.16 ;
    %pushi/vec4 7, 0, 4;
    %store/vec4 v000002a4bbbb5030_0, 0, 4;
    %jmp T_3.23;
T_3.17 ;
    %pushi/vec4 8, 0, 4;
    %store/vec4 v000002a4bbbb5030_0, 0, 4;
    %jmp T_3.23;
T_3.18 ;
    %pushi/vec4 9, 0, 4;
    %store/vec4 v000002a4bbbb5030_0, 0, 4;
    %jmp T_3.23;
T_3.19 ;
    %pushi/vec4 10, 0, 4;
    %store/vec4 v000002a4bbbb5030_0, 0, 4;
    %jmp T_3.23;
T_3.20 ;
    %pushi/vec4 11, 0, 4;
    %store/vec4 v000002a4bbbb5030_0, 0, 4;
    %jmp T_3.23;
T_3.21 ;
    %pushi/vec4 12, 0, 4;
    %store/vec4 v000002a4bbbb5030_0, 0, 4;
    %jmp T_3.23;
T_3.23 ;
    %pop/vec4 1;
    %jmp T_3.4;
T_3.1 ;
    %load/vec4 v000002a4bbbb5350_0;
    %parti/s 1, 20, 6;
    %store/vec4 v000002a4bbbb5710_0, 0, 1;
    %load/vec4 v000002a4bbbb5350_0;
    %parti/s 1, 20, 6;
    %store/vec4 v000002a4bbbb5170_0, 0, 1;
    %load/vec4 v000002a4bbbb5350_0;
    %parti/s 1, 22, 6;
    %store/vec4 v000002a4bbbb5210_0, 0, 1;
    %pushi/vec4 1, 0, 1;
    %store/vec4 v000002a4bbbb4db0_0, 0, 1;
    %load/vec4 v000002a4bbbb53f0_0;
    %flag_set/vec4 8;
    %jmp/0xz  T_3.24, 8;
    %pushi/vec4 2, 0, 2;
    %store/vec4 v000002a4bbbb4c70_0, 0, 2;
    %jmp T_3.25;
T_3.24 ;
    %load/vec4 v000002a4bbbb5350_0;
    %parti/s 8, 4, 4;
    %pad/u 32;
    %cmpi/e 0, 0, 32;
    %jmp/0xz  T_3.26, 4;
    %pushi/vec4 1, 0, 2;
    %store/vec4 v000002a4bbbb4c70_0, 0, 2;
    %jmp T_3.27;
T_3.26 ;
    %pushi/vec4 3, 0, 2;
    %store/vec4 v000002a4bbbb4c70_0, 0, 2;
T_3.27 ;
T_3.25 ;
    %jmp T_3.4;
T_3.2 ;
    %load/vec4 v000002a4bbbb5350_0;
    %parti/s 1, 24, 6;
    %store/vec4 v000002a4bbbb52b0_0, 0, 1;
    %jmp T_3.4;
T_3.4 ;
    %pop/vec4 1;
    %jmp T_3;
    .thread T_3, $push;
    .scope S_000002a4bbb833d0;
T_4 ;
    %wait E_000002a4bbb60cd0;
    %load/vec4 v000002a4bbc10970_0;
    %cmpi/e 0, 0, 1;
    %jmp/0xz  T_4.0, 4;
    %load/vec4 v000002a4bbc10bf0_0;
    %assign/vec4 v000002a4bbc0f610_0, 0;
    %load/vec4 v000002a4bbc0f890_0;
    %assign/vec4 v000002a4bbc0f9d0_0, 0;
    %load/vec4 v000002a4bbc0f750_0;
    %assign/vec4 v000002a4bbc0f930_0, 0;
    %load/vec4 v000002a4bbc100b0_0;
    %assign/vec4 v000002a4bbc0f7f0_0, 0;
    %load/vec4 v000002a4bbc10290_0;
    %assign/vec4 v000002a4bbc10dd0_0, 0;
    %load/vec4 v000002a4bbc0fa70_0;
    %assign/vec4 v000002a4bbc0fb10_0, 0;
    %load/vec4 v000002a4bbc10a10_0;
    %assign/vec4 v000002a4bbc108d0_0, 0;
    %load/vec4 v000002a4bbc0fbb0_0;
    %assign/vec4 v000002a4bbc0fc50_0, 0;
    %load/vec4 v000002a4bbc0f570_0;
    %assign/vec4 v000002a4bbc10330_0, 0;
    %jmp T_4.1;
T_4.0 ;
    %pushi/vec4 0, 0, 2;
    %assign/vec4 v000002a4bbc0f610_0, 0;
    %pushi/vec4 0, 0, 1;
    %assign/vec4 v000002a4bbc0f9d0_0, 0;
    %pushi/vec4 0, 0, 4;
    %assign/vec4 v000002a4bbc0f930_0, 0;
    %pushi/vec4 0, 0, 1;
    %assign/vec4 v000002a4bbc0f7f0_0, 0;
    %pushi/vec4 0, 0, 1;
    %assign/vec4 v000002a4bbc10dd0_0, 0;
    %pushi/vec4 0, 0, 1;
    %assign/vec4 v000002a4bbc0fb10_0, 0;
    %pushi/vec4 0, 0, 1;
    %assign/vec4 v000002a4bbc108d0_0, 0;
    %pushi/vec4 0, 0, 1;
    %assign/vec4 v000002a4bbc0fc50_0, 0;
    %pushi/vec4 0, 0, 1;
    %assign/vec4 v000002a4bbc10330_0, 0;
T_4.1 ;
    %jmp T_4;
    .thread T_4, $push;
    .scope S_000002a4bbb81fd0;
T_5 ;
    %wait E_000002a4bbb616d0;
    %load/vec4 v000002a4bbc0fcf0_0;
    %flag_set/vec4 8;
    %jmp/0xz  T_5.0, 8;
    %load/vec4 v000002a4bbc0f4d0_0;
    %flag_set/vec4 8;
    %jmp/0xz  T_5.2, 8;
    %pushi/vec4 0, 0, 32;
    %store/vec4 v000002a4bbc0fe30_0, 0, 32;
    %jmp T_5.3;
T_5.2 ;
    %load/vec4 v000002a4bbc0f390_0;
    %store/vec4 v000002a4bbc0fe30_0, 0, 32;
T_5.3 ;
T_5.0 ;
    %jmp T_5;
    .thread T_5;
    .scope S_000002a4bbb8c490;
T_6 ;
    %wait E_000002a4bbb616d0;
    %load/vec4 v000002a4bbc0f1b0_0;
    %flag_set/vec4 8;
    %jmp/0xz  T_6.0, 8;
    %pushi/vec4 0, 0, 2;
    %store/vec4 v000002a4bbc10650_0, 0, 2;
    %pushi/vec4 0, 0, 4;
    %store/vec4 v000002a4bbc10c90_0, 0, 4;
    %pushi/vec4 0, 0, 1;
    %store/vec4 v000002a4bbc10150_0, 0, 1;
    %pushi/vec4 0, 0, 1;
    %store/vec4 v000002a4bbc10470_0, 0, 1;
    %pushi/vec4 0, 0, 1;
    %store/vec4 v000002a4bbc10830_0, 0, 1;
    %pushi/vec4 0, 0, 1;
    %store/vec4 v000002a4bbc10e70_0, 0, 1;
    %pushi/vec4 0, 0, 1;
    %store/vec4 v000002a4bbc0f110_0, 0, 1;
    %pushi/vec4 0, 0, 1;
    %store/vec4 v000002a4bbc10ab0_0, 0, 1;
    %jmp T_6.1;
T_6.0 ;
    %load/vec4 v000002a4bbc0fed0_0;
    %store/vec4 v000002a4bbc10650_0, 0, 2;
    %load/vec4 v000002a4bbc106f0_0;
    %store/vec4 v000002a4bbc10c90_0, 0, 4;
    %load/vec4 v000002a4bbc10510_0;
    %store/vec4 v000002a4bbc10150_0, 0, 1;
    %load/vec4 v000002a4bbc0f430_0;
    %store/vec4 v000002a4bbc10470_0, 0, 1;
    %load/vec4 v000002a4bbc10d30_0;
    %store/vec4 v000002a4bbc10830_0, 0, 1;
    %load/vec4 v000002a4bbc0f070_0;
    %store/vec4 v000002a4bbc10e70_0, 0, 1;
    %load/vec4 v000002a4bbc10f10_0;
    %store/vec4 v000002a4bbc0f110_0, 0, 1;
    %load/vec4 v000002a4bbc0fd90_0;
    %store/vec4 v000002a4bbc10ab0_0, 0, 1;
T_6.1 ;
    %jmp T_6;
    .thread T_6;
    .scope S_000002a4bbb8c300;
T_7 ;
    %wait E_000002a4bbb616d0;
    %load/vec4 v000002a4bbbb4bd0_0;
    %flag_set/vec4 8;
    %jmp/0xz  T_7.0, 8;
    %pushi/vec4 0, 0, 1;
    %store/vec4 v000002a4bbbb4ef0_0, 0, 1;
    %pushi/vec4 0, 0, 1;
    %store/vec4 v000002a4bbbb4b30_0, 0, 1;
    %pushi/vec4 0, 0, 1;
    %store/vec4 v000002a4bbbb49f0_0, 0, 1;
    %pushi/vec4 0, 0, 1;
    %store/vec4 v000002a4bbc0f2f0_0, 0, 1;
    %pushi/vec4 0, 0, 1;
    %store/vec4 v000002a4bbbb5670_0, 0, 1;
    %jmp T_7.1;
T_7.0 ;
    %load/vec4 v000002a4bbbb4e50_0;
    %store/vec4 v000002a4bbbb4ef0_0, 0, 1;
    %load/vec4 v000002a4bbbb5530_0;
    %store/vec4 v000002a4bbbb4b30_0, 0, 1;
    %load/vec4 v000002a4bbbb4950_0;
    %store/vec4 v000002a4bbbb49f0_0, 0, 1;
    %load/vec4 v000002a4bbc103d0_0;
    %store/vec4 v000002a4bbc0f2f0_0, 0, 1;
    %load/vec4 v000002a4bbbb57b0_0;
    %store/vec4 v000002a4bbbb5670_0, 0, 1;
T_7.1 ;
    %jmp T_7;
    .thread T_7;
    .scope S_000002a4bbb82160;
T_8 ;
    %wait E_000002a4bbb616d0;
    %load/vec4 v000002a4bbc0ff70_0;
    %flag_set/vec4 8;
    %jmp/0xz  T_8.0, 8;
    %pushi/vec4 0, 0, 1;
    %store/vec4 v000002a4bbc101f0_0, 0, 1;
    %jmp T_8.1;
T_8.0 ;
    %load/vec4 v000002a4bbc10010_0;
    %store/vec4 v000002a4bbc101f0_0, 0, 1;
T_8.1 ;
    %jmp T_8;
    .thread T_8;
    .scope S_000002a4bbbb2670;
T_9 ;
    %vpi_func 2 204 "$fopen" 32, "precharge.txt", "r" {0 0 0};
    %store/vec4 v000002a4bbc12660_0, 0, 32;
    %pushi/vec4 0, 0, 9;
    %store/vec4 v000002a4bbc12020_0, 0, 9;
T_9.0 ;
    %vpi_func 2 206 "$feof" 32, v000002a4bbc12660_0 {0 0 0};
    %nor/r;
    %flag_set/vec4 8;
    %jmp/0xz T_9.1, 8;
    %vpi_func 2 207 "$fscanf" 32, v000002a4bbc12660_0, "%b", v000002a4bbc12160_0 {0 0 0};
    %store/vec4 v000002a4bbc12ac0_0, 0, 32;
    %load/vec4 v000002a4bbc12160_0;
    %load/vec4 v000002a4bbc12020_0;
    %pad/u 10;
    %ix/vec4 4;
    %store/vec4a v000002a4bbc11940, 4, 0;
    %load/vec4 v000002a4bbc12020_0;
    %addi 1, 0, 9;
    %store/vec4 v000002a4bbc12020_0, 0, 9;
    %jmp T_9.0;
T_9.1 ;
    %vpi_call 2 211 "$fclose", v000002a4bbc12660_0 {0 0 0};
    %pushi/vec4 1, 0, 1;
    %store/vec4 v000002a4bbc119e0_0, 0, 1;
    %pushi/vec4 0, 0, 1;
    %store/vec4 v000002a4bbc12340_0, 0, 1;
    %pushi/vec4 1, 0, 1;
    %store/vec4 v000002a4bbc11d00_0, 0, 1;
    %pushi/vec4 0, 0, 1;
    %store/vec4 v000002a4bbc11bc0_0, 0, 1;
    %delay 3, 0;
    %pushi/vec4 0, 0, 1;
    %store/vec4 v000002a4bbc11d00_0, 0, 1;
    %delay 32, 0;
    %pushi/vec4 1, 0, 1;
    %store/vec4 v000002a4bbc11bc0_0, 0, 1;
    %delay 40, 0;
    %vpi_call 2 226 "$finish" {0 0 0};
    %end;
    .thread T_9;
    .scope S_000002a4bbbb2670;
T_10 ;
    %delay 2, 0;
    %load/vec4 v000002a4bbc12340_0;
    %inv;
    %store/vec4 v000002a4bbc12340_0, 0, 1;
    %jmp T_10;
    .thread T_10;
    .scope S_000002a4bbbb2670;
T_11 ;
    %wait E_000002a4bbb616d0;
    %vpi_call 2 237 "$display", "%0t\011Instruction = %h\011PC = %d\011%b\011%b\011%b\011%b\011%b\011%b\011%b\011%b\011%b", $time, v000002a4bbc12b60_0, v000002a4bbc113a0_0, v000002a4bbc122a0_0, v000002a4bbc118a0_0, v000002a4bbc12c00_0, v000002a4bbc11300_0, v000002a4bbc15cc0_0, v000002a4bbc11620_0, v000002a4bbc12980_0, v000002a4bbc11b20_0, v000002a4bbc120c0_0 {0 0 0};
    %vpi_call 2 253 "$display", "EX_STAGE: AM = %b\011S_bit = %b\011DATAMEM-EN = %b\011R/W = %b\011SIZE = %b\011RF_EN = %b\011ALU_OP = %b\011LOAD = %b", v000002a4bbc11f80_0, v000002a4bbc105b0_0, v000002a4bbc11580_0, v000002a4bbc11760_0, v000002a4bbc14aa0_0, v000002a4bbc11c60_0, v000002a4bbc12e80_0, v000002a4bbc12700_0 {0 0 0};
    %vpi_call 2 265 "$display", "MEM_STAGE: RF_EN = %b\011DATAMEM-EN = %b\011R/W = %b\011SIZE = %b\011LOAD = %b", v000002a4bbc11260_0, v000002a4bbc125c0_0, v000002a4bbc116c0_0, v000002a4bbc14be0_0, v000002a4bbc12520_0 {0 0 0};
    %vpi_call 2 274 "$display", "WB_STAGE: RF_EN = %b", v000002a4bbc12d40_0 {0 0 0};
    %jmp T_11;
    .thread T_11;
# The file index is used to find the file name in the following table.
:file_names 9;
    "N/A";
    "<interactive>";
    "PPU.v";
    "./ControlUnit.v";
    "./fase3pipereg.v";
    "./cuMux.v";
    "./PC.v";
    "./Adder.v";
    "./rom.v";
